<?xml version="1.0" encoding="UTF-8"?>
<!-- Generated by org.testng.reporters.JUnitXMLReporter -->
<testsuite ignored="0" hostname="DESKTOP-55BVUSQ" failures="0" tests="5" name="Default test" time="21.183" errors="0" timestamp="2025-05-30T12:54:24 IST">
  <testcase classname="flipkartpractise.AppTest" name="search" time="3.282"/>
  <testcase classname="flipkartpractise.AppTest" name="sortPrices" time="1.466"/>
  <testcase classname="flipkartpractise.AppTest" name="sortRatings" time="7.477"/>
  <testcase classname="flipkartpractise.AppTest" name="switchingWindows" time="4.473"/>
  <testcase classname="flipkartpractise.AppTest" name="ItemStatus" time="0.273"/>
</testsuite> <!-- Default test -->
