<?xml version="1.0" encoding="UTF-8"?>
<!-- Generated by org.testng.reporters.JUnitXMLReporter -->
<testsuite ignored="0" hostname="DESKTOP-55BVUSQ" failures="0" tests="5" name="flipkartpractise" time="23.157" errors="0" timestamp="2025-05-30T12:59:44 IST">
  <testcase classname="flipkartpractise.AppTest" name="search" time="3.633"/>
  <testcase classname="flipkartpractise.AppTest" name="sortPrices" time="1.278"/>
  <testcase classname="flipkartpractise.AppTest" name="sortRatings" time="7.358"/>
  <testcase classname="flipkartpractise.AppTest" name="switchingWindows" time="4.203"/>
  <testcase classname="flipkartpractise.AppTest" name="ItemStatus" time="2.9"/>
</testsuite> <!-- flipkartpractise -->
