<?xml version="1.0" encoding="UTF-8"?>
<testng-results ignored="0" total="0" passed="0" failed="0" skipped="0">
  <reporter-output>
  </reporter-output>
  <suite started-at="2025-05-30T19:00:58 IST" name="Surefire suite" finished-at="2025-05-30T19:00:58 IST" duration-ms="19">
    <groups>
    </groups>
    <test started-at="2025-05-30T19:00:58 IST" name="Surefire test" finished-at="2025-05-30T19:00:58 IST" duration-ms="19">
      <class name="Base.BaseTest">
        <test-method is-config="true" signature="setupReport()[pri:0, instance:Base.BaseTest@6b19b79]" started-at="2025-05-30T19:00:58 IST" name="setupReport" finished-at="2025-05-30T19:00:58 IST" duration-ms="333" status="PASS">
          <reporter-output>
          </reporter-output>
        </test-method> <!-- setupReport -->
        <test-method is-config="true" signature="flushReport()[pri:0, instance:Base.BaseTest@6b19b79]" started-at="2025-05-30T19:00:58 IST" name="flushReport" finished-at="2025-05-30T19:00:59 IST" duration-ms="563" status="PASS">
          <reporter-output>
          </reporter-output>
        </test-method> <!-- flushReport -->
      </class> <!-- Base.BaseTest -->
    </test> <!-- Surefire test -->
  </suite> <!-- Surefire suite -->
</testng-results>
