<?xml version="1.0" encoding="UTF-8"?>
<!-- Generated by org.testng.reporters.JUnitXMLReporter -->
<testsuite ignored="0" hostname="DESKTOP-55BVUSQ" failures="0" tests="5" name="Automation Test" time="29.3" errors="0" timestamp="2025-05-30T17:15:41 IST">
  <testcase classname="Base.BaseTest" name="@AfterClass tearDown" time="-1.748605541348E9">
    <failure type="org.testng.TestNGException" message="
Can inject only one of &amp;lt;ITestContext, XmlTest&amp;gt; into a @AfterClass annotated tearDown.
For more information on native dependency injection please refer to https://testng.org/doc/documentation-main.html#native-dependency-injection">
      <![CDATA[org.testng.TestNGException: 
Can inject only one of <ITestContext, XmlTest> into a @AfterClass annotated tearDown.
For more information on native dependency injection please refer to https://testng.org/doc/documentation-main.html#native-dependency-injection
at java.base/java.util.ArrayList.forEach(ArrayList.java:1511)
... Removed 23 stack frames]]>
    </failure>
  </testcase> <!-- @AfterClass tearDown -->
  <testcase classname="testcases.FlipkartTestCases" name="searchItem" time="3.917"/>
  <testcase classname="testcases.FlipkartTestCases" name="sortByPrice" time="1.418"/>
  <testcase classname="testcases.FlipkartTestCases" name="sortByRating" time="7.866"/>
  <testcase classname="testcases.FlipkartTestCases" name="switchToNewWindow" time="4.982"/>
  <testcase classname="testcases.FlipkartTestCases" name="checkItemStockStatus" time="0.543"/>
</testsuite> <!-- Automation Test -->
