<?xml version="1.0" encoding="UTF-8"?>
<testng-results ignored="0" total="5" passed="5" failed="0" skipped="0">
  <reporter-output>
  </reporter-output>
  <suite started-at="2025-05-30T17:15:12 IST" name="Automation Suite" finished-at="2025-05-30T17:15:41 IST" duration-ms="29300">
    <groups>
    </groups>
    <test started-at="2025-05-30T17:15:12 IST" name="Automation Test" finished-at="2025-05-30T17:15:41 IST" duration-ms="29300">
      <class name="testcases.FlipkartTestCases">
        <test-method is-config="true" signature="setupReport()[pri:0, instance:testcases.FlipkartTestCases@b3ca52e]" started-at="2025-05-30T17:15:11 IST" name="setupReport" finished-at="2025-05-30T17:15:12 IST" duration-ms="272" status="PASS">
          <reporter-output>
          </reporter-output>
        </test-method> <!-- setupReport -->
        <test-method is-config="true" signature="setUp()[pri:0, instance:testcases.FlipkartTestCases@b3ca52e]" started-at="2025-05-30T17:15:12 IST" name="setUp" finished-at="2025-05-30T17:15:22 IST" duration-ms="10449" status="PASS">
          <reporter-output>
          </reporter-output>
        </test-method> <!-- setUp -->
        <test-method signature="searchItem()[pri:1, instance:testcases.FlipkartTestCases@b3ca52e]" started-at="2025-05-30T17:15:22 IST" name="searchItem" finished-at="2025-05-30T17:15:26 IST" duration-ms="3917" status="PASS">
          <reporter-output>
          </reporter-output>
        </test-method> <!-- searchItem -->
        <test-method signature="sortByPrice()[pri:2, instance:testcases.FlipkartTestCases@b3ca52e]" started-at="2025-05-30T17:15:26 IST" name="sortByPrice" finished-at="2025-05-30T17:15:27 IST" duration-ms="1418" status="PASS">
          <reporter-output>
          </reporter-output>
        </test-method> <!-- sortByPrice -->
        <test-method signature="sortByRating()[pri:3, instance:testcases.FlipkartTestCases@b3ca52e]" started-at="2025-05-30T17:15:27 IST" name="sortByRating" finished-at="2025-05-30T17:15:35 IST" duration-ms="7866" status="PASS">
          <reporter-output>
          </reporter-output>
        </test-method> <!-- sortByRating -->
        <test-method signature="switchToNewWindow()[pri:4, instance:testcases.FlipkartTestCases@b3ca52e]" started-at="2025-05-30T17:15:35 IST" name="switchToNewWindow" finished-at="2025-05-30T17:15:40 IST" duration-ms="4982" status="PASS">
          <reporter-output>
          </reporter-output>
        </test-method> <!-- switchToNewWindow -->
        <test-method signature="checkItemStockStatus()[pri:5, instance:testcases.FlipkartTestCases@b3ca52e]" started-at="2025-05-30T17:15:40 IST" name="checkItemStockStatus" finished-at="2025-05-30T17:15:41 IST" duration-ms="543" status="PASS">
          <reporter-output>
          </reporter-output>
        </test-method> <!-- checkItemStockStatus -->
        <test-method is-config="true" signature="tearDown(org.testng.ITestResult)[pri:0, instance:testcases.FlipkartTestCases@b3ca52e]" started-at="2025-05-30T17:15:41 IST" name="tearDown" finished-at="1970-01-01T05:30:00 IST" duration-ms="-1748605541348" status="FAIL">
          <exception class="org.testng.TestNGException">
            <message>
              <![CDATA[
Can inject only one of <ITestContext, XmlTest> into a @AfterClass annotated tearDown.
For more information on native dependency injection please refer to https://testng.org/doc/documentation-main.html#native-dependency-injection]]>
            </message>
            <full-stacktrace>
              <![CDATA[org.testng.TestNGException: 
Can inject only one of <ITestContext, XmlTest> into a @AfterClass annotated tearDown.
For more information on native dependency injection please refer to https://testng.org/doc/documentation-main.html#native-dependency-injection
at org.testng.internal.Parameters.checkParameterTypes(Parameters.java:445)
at org.testng.internal.Parameters.createParametersForMethod(Parameters.java:350)
at org.testng.internal.Parameters.createParameters(Parameters.java:702)
at org.testng.internal.Parameters.createConfigurationParameters(Parameters.java:166)
at org.testng.internal.invokers.ConfigInvoker.invokeConfigurations(ConfigInvoker.java:306)
at org.testng.internal.invokers.TestMethodWorker.invokeAfterClassConfigurations(TestMethodWorker.java:229)
at org.testng.internal.invokers.TestMethodWorker.invokeAfterClassMethods(TestMethodWorker.java:215)
at org.testng.internal.invokers.TestMethodWorker.run(TestMethodWorker.java:131)
at java.base/java.util.ArrayList.forEach(ArrayList.java:1511)
at org.testng.TestRunner.privateRun(TestRunner.java:819)
at org.testng.TestRunner.run(TestRunner.java:619)
at org.testng.SuiteRunner.runTest(SuiteRunner.java:443)
at org.testng.SuiteRunner.runSequentially(SuiteRunner.java:437)
at org.testng.SuiteRunner.privateRun(SuiteRunner.java:397)
at org.testng.SuiteRunner.run(SuiteRunner.java:336)
at org.testng.SuiteRunnerWorker.runSuite(SuiteRunnerWorker.java:52)
at org.testng.SuiteRunnerWorker.run(SuiteRunnerWorker.java:95)
at org.testng.TestNG.runSuitesSequentially(TestNG.java:1301)
at org.testng.TestNG.runSuitesLocally(TestNG.java:1228)
at org.testng.TestNG.runSuites(TestNG.java:1134)
at org.testng.TestNG.run(TestNG.java:1101)
at org.testng.remote.AbstractRemoteTestNG.run(AbstractRemoteTestNG.java:115)
at org.testng.remote.RemoteTestNG.initAndRun(RemoteTestNG.java:293)
at org.testng.remote.RemoteTestNG.main(RemoteTestNG.java:91)
]]>
            </full-stacktrace>
          </exception> <!-- org.testng.TestNGException -->
          <reporter-output>
          </reporter-output>
        </test-method> <!-- tearDown -->
        <test-method is-config="true" signature="flushReport()[pri:0, instance:testcases.FlipkartTestCases@b3ca52e]" started-at="2025-05-30T17:15:41 IST" name="flushReport" finished-at="2025-05-30T17:15:42 IST" duration-ms="1086" status="PASS">
          <reporter-output>
          </reporter-output>
        </test-method> <!-- flushReport -->
      </class> <!-- testcases.FlipkartTestCases -->
    </test> <!-- Automation Test -->
  </suite> <!-- Automation Suite -->
</testng-results>
